----------- 2-node-8-cores -----------



----- Top 10 Hashtags -----
1. #auspol, 19878
2. #coronavirus, 10110
3. #มาพ่องเพิ่งอะไร, 7531
4. #firefightaustralia, 6812
5. #oldme, 6418
6. #sydney, 6196
7. #scottyfrommarketing, 5185
8. #grammys, 5085
9. #assange, 4689
10. #sportsrorts, 4516
----- Top 10 Languages -----
1. English (en), 3107116
2. Undefined (und), 252117
3. Thai (th), 134571
4. Portuguese (pt), 125858
5. Spanish (es), 74028
6. Japanese (ja), 49929
7. Tagalog (tl), 44560
8. Indonesian (in), 42296
9. French (fr), 38098
10. Arabic (ar), 24501



Total Time for task is 159.7843 seconds.

real	2m40.204s
user	10m10.352s
sys	0m25.649s
