----------- 1-node-1-core -----------



----- Top 10 Hashtags -----
1. #auspol, 19878
2. #coronavirus, 10110
3. #มาพ่องเพิ่งอะไร, 7531
4. #firefightaustralia, 6812
5. #oldme, 6418
6. #sydney, 6196
7. #scottyfrommarketing, 5185
8. #grammys, 5085
9. #assange, 4689
10. #sportsrorts, 4516
----- Top 10 Languages -----
1. en, 3107116
2. und, 252117
3. th, 134571
4. pt, 125858
5. es, 74028
6. ja, 49929
7. tl, 44560
8. in, 42296
9. fr, 38098
10. ar, 24501



Total Time for Execution is 207.0 minutes and 7.41 seconds
